                                      1 ;--------------------------------------------------------
                                      2 ; File Created by SDCC : free open source ANSI-C Compiler
                                      3 ; Version 4.1.6 #12439 (Linux)
                                      4 ;--------------------------------------------------------
                                      5 	.module output
                                      6 	.optsdcc -mgbz80
                                      7 	
                                      8 ;--------------------------------------------------------
                                      9 ; Public variables in this module
                                     10 ;--------------------------------------------------------
                                     11 	.globl _song_Data
                                     12 	.globl _song1
                                     13 	.globl _song0
                                     14 ;--------------------------------------------------------
                                     15 ; special function registers
                                     16 ;--------------------------------------------------------
                                     17 ;--------------------------------------------------------
                                     18 ; ram data
                                     19 ;--------------------------------------------------------
                                     20 	.area _DATA
                                     21 ;--------------------------------------------------------
                                     22 ; ram data
                                     23 ;--------------------------------------------------------
                                     24 	.area _INITIALIZED
                                     25 ;--------------------------------------------------------
                                     26 ; absolute external ram data
                                     27 ;--------------------------------------------------------
                                     28 	.area _DABS (ABS)
                                     29 ;--------------------------------------------------------
                                     30 ; global & static initialisations
                                     31 ;--------------------------------------------------------
                                     32 	.area _HOME
                                     33 	.area _GSINIT
                                     34 	.area _GSFINAL
                                     35 	.area _GSINIT
                                     36 ;--------------------------------------------------------
                                     37 ; Home
                                     38 ;--------------------------------------------------------
                                     39 	.area _HOME
                                     40 	.area _HOME
                                     41 ;--------------------------------------------------------
                                     42 ; code
                                     43 ;--------------------------------------------------------
                                     44 	.area _CODE_2
                                     45 	.area _CODE_2
      000000                         46 _song0:
      000000 8A                      47 	.db #0x8a	; 138
      000001 91                      48 	.db #0x91	; 145
      000002 00                      49 	.db #0x00	; 0
      000003 00                      50 	.db #0x00	; 0
      000004 00                      51 	.db #0x00	; 0
      000005 00                      52 	.db #0x00	; 0
      000006 8B                      53 	.db #0x8b	; 139
      000007 91                      54 	.db #0x91	; 145
      000008 00                      55 	.db #0x00	; 0
      000009 00                      56 	.db #0x00	; 0
      00000A 00                      57 	.db #0x00	; 0
      00000B 00                      58 	.db #0x00	; 0
      00000C 8C                      59 	.db #0x8c	; 140
      00000D 91                      60 	.db #0x91	; 145
      00000E 00                      61 	.db #0x00	; 0
      00000F 00                      62 	.db #0x00	; 0
      000010 00                      63 	.db #0x00	; 0
      000011 00                      64 	.db #0x00	; 0
      000012 8D                      65 	.db #0x8d	; 141
      000013 91                      66 	.db #0x91	; 145
      000014 00                      67 	.db #0x00	; 0
      000015 00                      68 	.db #0x00	; 0
      000016 00                      69 	.db #0x00	; 0
      000017 00                      70 	.db #0x00	; 0
      000018 00                      71 	.db #0x00	; 0
      000019 8E                      72 	.db #0x8e	; 142
      00001A 91                      73 	.db #0x91	; 145
      00001B 00                      74 	.db #0x00	; 0
      00001C 00                      75 	.db #0x00	; 0
      00001D 00                      76 	.db #0x00	; 0
      00001E 00                      77 	.db #0x00	; 0
      00001F 8F                      78 	.db #0x8f	; 143
      000020 91                      79 	.db #0x91	; 145
      000021 00                      80 	.db #0x00	; 0
      000022 00                      81 	.db #0x00	; 0
      000023 00                      82 	.db #0x00	; 0
      000024 00                      83 	.db #0x00	; 0
      000025 90                      84 	.db #0x90	; 144
      000026 91                      85 	.db #0x91	; 145
      000027 00                      86 	.db #0x00	; 0
      000028 00                      87 	.db #0x00	; 0
      000029 00                      88 	.db #0x00	; 0
      00002A 00                      89 	.db #0x00	; 0
      00002B 91                      90 	.db #0x91	; 145
      00002C 91                      91 	.db #0x91	; 145
      00002D 00                      92 	.db #0x00	; 0
      00002E 00                      93 	.db #0x00	; 0
      00002F 00                      94 	.db #0x00	; 0
      000030 8A                      95 	.db #0x8a	; 138
      000031 91                      96 	.db #0x91	; 145
      000032 00                      97 	.db #0x00	; 0
      000033 00                      98 	.db #0x00	; 0
      000034 00                      99 	.db #0x00	; 0
      000035 00                     100 	.db #0x00	; 0
      000036 8B                     101 	.db #0x8b	; 139
      000037 91                     102 	.db #0x91	; 145
      000038 00                     103 	.db #0x00	; 0
      000039 00                     104 	.db #0x00	; 0
      00003A 00                     105 	.db #0x00	; 0
      00003B 00                     106 	.db #0x00	; 0
      00003C 8C                     107 	.db #0x8c	; 140
      00003D 91                     108 	.db #0x91	; 145
      00003E 00                     109 	.db #0x00	; 0
      00003F 00                     110 	.db #0x00	; 0
      000040 00                     111 	.db #0x00	; 0
      000041 00                     112 	.db #0x00	; 0
      000042 8C                     113 	.db #0x8c	; 140
      000043 91                     114 	.db #0x91	; 145
      000044 00                     115 	.db #0x00	; 0
      000045 00                     116 	.db #0x00	; 0
      000046 00                     117 	.db #0x00	; 0
      000047 00                     118 	.db #0x00	; 0
      000048 00                     119 	.db #0x00	; 0
      000049 00                     120 	.db #0x00	; 0
      00004A 00                     121 	.db #0x00	; 0
      00004B 00                     122 	.db #0x00	; 0
      00004C 00                     123 	.db #0x00	; 0
      00004D 00                     124 	.db #0x00	; 0
      00004E 8C                     125 	.db #0x8c	; 140
      00004F 93                     126 	.db #0x93	; 147
      000050 00                     127 	.db #0x00	; 0
      000051 00                     128 	.db #0x00	; 0
      000052 00                     129 	.db #0x00	; 0
      000053 00                     130 	.db #0x00	; 0
      000054 8D                     131 	.db #0x8d	; 141
      000055 93                     132 	.db #0x93	; 147
      000056 00                     133 	.db #0x00	; 0
      000057 00                     134 	.db #0x00	; 0
      000058 00                     135 	.db #0x00	; 0
      000059 00                     136 	.db #0x00	; 0
      00005A 8F                     137 	.db #0x8f	; 143
      00005B 93                     138 	.db #0x93	; 147
      00005C 00                     139 	.db #0x00	; 0
      00005D 00                     140 	.db #0x00	; 0
      00005E 00                     141 	.db #0x00	; 0
      00005F 00                     142 	.db #0x00	; 0
      000060 8C                     143 	.db #0x8c	; 140
      000061 93                     144 	.db #0x93	; 147
      000062 00                     145 	.db #0x00	; 0
      000063 00                     146 	.db #0x00	; 0
      000064 00                     147 	.db #0x00	; 0
      000065 00                     148 	.db #0x00	; 0
      000066 8D                     149 	.db #0x8d	; 141
      000067 93                     150 	.db #0x93	; 147
      000068 00                     151 	.db #0x00	; 0
      000069 00                     152 	.db #0x00	; 0
      00006A 00                     153 	.db #0x00	; 0
      00006B 00                     154 	.db #0x00	; 0
      00006C 8F                     155 	.db #0x8f	; 143
      00006D A3                     156 	.db #0xa3	; 163
      00006E 00                     157 	.db #0x00	; 0
      00006F 00                     158 	.db #0x00	; 0
      000070 00                     159 	.db #0x00	; 0
      000071 00                     160 	.db #0x00	; 0
      000072 00                     161 	.db #0x00	; 0
      000073 00                     162 	.db #0x00	; 0
      000074 00                     163 	.db #0x00	; 0
      000075 8F                     164 	.db #0x8f	; 143
      000076 91                     165 	.db #0x91	; 145
      000077 00                     166 	.db #0x00	; 0
      000078 00                     167 	.db #0x00	; 0
      000079 00                     168 	.db #0x00	; 0
      00007A 00                     169 	.db #0x00	; 0
      00007B 90                     170 	.db #0x90	; 144
      00007C 91                     171 	.db #0x91	; 145
      00007D 00                     172 	.db #0x00	; 0
      00007E 00                     173 	.db #0x00	; 0
      00007F 00                     174 	.db #0x00	; 0
      000080 00                     175 	.db #0x00	; 0
      000081 91                     176 	.db #0x91	; 145
      000082 91                     177 	.db #0x91	; 145
      000083 00                     178 	.db #0x00	; 0
      000084 00                     179 	.db #0x00	; 0
      000085 00                     180 	.db #0x00	; 0
      000086 00                     181 	.db #0x00	; 0
      000087 92                     182 	.db #0x92	; 146
      000088 91                     183 	.db #0x91	; 145
      000089 00                     184 	.db #0x00	; 0
      00008A 00                     185 	.db #0x00	; 0
      00008B 00                     186 	.db #0x00	; 0
      00008C 8C                     187 	.db #0x8c	; 140
      00008D 91                     188 	.db #0x91	; 145
      00008E 00                     189 	.db #0x00	; 0
      00008F 00                     190 	.db #0x00	; 0
      000090 00                     191 	.db #0x00	; 0
      000091 00                     192 	.db #0x00	; 0
      000092 8D                     193 	.db #0x8d	; 141
      000093 91                     194 	.db #0x91	; 145
      000094 00                     195 	.db #0x00	; 0
      000095 00                     196 	.db #0x00	; 0
      000096 00                     197 	.db #0x00	; 0
      000097 00                     198 	.db #0x00	; 0
      000098 8E                     199 	.db #0x8e	; 142
      000099 91                     200 	.db #0x91	; 145
      00009A 00                     201 	.db #0x00	; 0
      00009B 00                     202 	.db #0x00	; 0
      00009C 00                     203 	.db #0x00	; 0
      00009D 00                     204 	.db #0x00	; 0
      00009E 8F                     205 	.db #0x8f	; 143
      00009F 91                     206 	.db #0x91	; 145
      0000A0 00                     207 	.db #0x00	; 0
      0000A1 00                     208 	.db #0x00	; 0
      0000A2 00                     209 	.db #0x00	; 0
      0000A3 00                     210 	.db #0x00	; 0
      0000A4 00                     211 	.db #0x00	; 0
      0000A5 90                     212 	.db #0x90	; 144
      0000A6 91                     213 	.db #0x91	; 145
      0000A7 00                     214 	.db #0x00	; 0
      0000A8 00                     215 	.db #0x00	; 0
      0000A9 00                     216 	.db #0x00	; 0
      0000AA 00                     217 	.db #0x00	; 0
      0000AB 91                     218 	.db #0x91	; 145
      0000AC 91                     219 	.db #0x91	; 145
      0000AD 00                     220 	.db #0x00	; 0
      0000AE 00                     221 	.db #0x00	; 0
      0000AF 00                     222 	.db #0x00	; 0
      0000B0 00                     223 	.db #0x00	; 0
      0000B1 92                     224 	.db #0x92	; 146
      0000B2 91                     225 	.db #0x91	; 145
      0000B3 00                     226 	.db #0x00	; 0
      0000B4 00                     227 	.db #0x00	; 0
      0000B5 00                     228 	.db #0x00	; 0
      0000B6 00                     229 	.db #0x00	; 0
      0000B7 93                     230 	.db #0x93	; 147
      0000B8 91                     231 	.db #0x91	; 145
      0000B9 00                     232 	.db #0x00	; 0
      0000BA 00                     233 	.db #0x00	; 0
      0000BB 00                     234 	.db #0x00	; 0
      0000BC 8D                     235 	.db #0x8d	; 141
      0000BD 91                     236 	.db #0x91	; 145
      0000BE 00                     237 	.db #0x00	; 0
      0000BF 00                     238 	.db #0x00	; 0
      0000C0 00                     239 	.db #0x00	; 0
      0000C1 00                     240 	.db #0x00	; 0
      0000C2 8E                     241 	.db #0x8e	; 142
      0000C3 91                     242 	.db #0x91	; 145
      0000C4 00                     243 	.db #0x00	; 0
      0000C5 00                     244 	.db #0x00	; 0
      0000C6 00                     245 	.db #0x00	; 0
      0000C7 00                     246 	.db #0x00	; 0
      0000C8 8F                     247 	.db #0x8f	; 143
      0000C9 91                     248 	.db #0x91	; 145
      0000CA 00                     249 	.db #0x00	; 0
      0000CB 00                     250 	.db #0x00	; 0
      0000CC 00                     251 	.db #0x00	; 0
      0000CD 00                     252 	.db #0x00	; 0
      0000CE 8F                     253 	.db #0x8f	; 143
      0000CF 91                     254 	.db #0x91	; 145
      0000D0 00                     255 	.db #0x00	; 0
      0000D1 00                     256 	.db #0x00	; 0
      0000D2 00                     257 	.db #0x00	; 0
      0000D3 00                     258 	.db #0x00	; 0
      0000D4 00                     259 	.db #0x00	; 0
      0000D5 92                     260 	.db #0x92	; 146
      0000D6 91                     261 	.db #0x91	; 145
      0000D7 00                     262 	.db #0x00	; 0
      0000D8 00                     263 	.db #0x00	; 0
      0000D9 00                     264 	.db #0x00	; 0
      0000DA 00                     265 	.db #0x00	; 0
      0000DB 93                     266 	.db #0x93	; 147
      0000DC 91                     267 	.db #0x91	; 145
      0000DD 00                     268 	.db #0x00	; 0
      0000DE 00                     269 	.db #0x00	; 0
      0000DF 00                     270 	.db #0x00	; 0
      0000E0 00                     271 	.db #0x00	; 0
      0000E1 94                     272 	.db #0x94	; 148
      0000E2 91                     273 	.db #0x91	; 145
      0000E3 00                     274 	.db #0x00	; 0
      0000E4 00                     275 	.db #0x00	; 0
      0000E5 00                     276 	.db #0x00	; 0
      0000E6 8F                     277 	.db #0x8f	; 143
      0000E7 91                     278 	.db #0x91	; 145
      0000E8 00                     279 	.db #0x00	; 0
      0000E9 00                     280 	.db #0x00	; 0
      0000EA 00                     281 	.db #0x00	; 0
      0000EB 00                     282 	.db #0x00	; 0
      0000EC 8E                     283 	.db #0x8e	; 142
      0000ED 91                     284 	.db #0x91	; 145
      0000EE 00                     285 	.db #0x00	; 0
      0000EF 00                     286 	.db #0x00	; 0
      0000F0 8C                     287 	.db #0x8c	; 140
      0000F1 93                     288 	.db #0x93	; 147
      0000F2 00                     289 	.db #0x00	; 0
      0000F3 00                     290 	.db #0x00	; 0
      0000F4 90                     291 	.db #0x90	; 144
      0000F5 91                     292 	.db #0x91	; 145
      0000F6 00                     293 	.db #0x00	; 0
      0000F7 00                     294 	.db #0x00	; 0
      0000F8 8D                     295 	.db #0x8d	; 141
      0000F9 93                     296 	.db #0x93	; 147
      0000FA 00                     297 	.db #0x00	; 0
      0000FB 00                     298 	.db #0x00	; 0
      0000FC 8D                     299 	.db #0x8d	; 141
      0000FD 91                     300 	.db #0x91	; 145
      0000FE 00                     301 	.db #0x00	; 0
      0000FF 00                     302 	.db #0x00	; 0
      000100 8F                     303 	.db #0x8f	; 143
      000101 93                     304 	.db #0x93	; 147
      000102 00                     305 	.db #0x00	; 0
      000103 00                     306 	.db #0x00	; 0
      000104 00                     307 	.db #0x00	; 0
      000105 00                     308 	.db #0x00	; 0
      000106 8C                     309 	.db #0x8c	; 140
      000107 93                     310 	.db #0x93	; 147
      000108 00                     311 	.db #0x00	; 0
      000109 00                     312 	.db #0x00	; 0
      00010A 00                     313 	.db #0x00	; 0
      00010B 00                     314 	.db #0x00	; 0
      00010C 8D                     315 	.db #0x8d	; 141
      00010D 93                     316 	.db #0x93	; 147
      00010E 00                     317 	.db #0x00	; 0
      00010F 00                     318 	.db #0x00	; 0
      000110 00                     319 	.db #0x00	; 0
      000111 00                     320 	.db #0x00	; 0
      000112 8F                     321 	.db #0x8f	; 143
      000113 A3                     322 	.db #0xa3	; 163
      000114 00                     323 	.db #0x00	; 0
      000115 00                     324 	.db #0x00	; 0
      000116 00                     325 	.db #0x00	; 0
      000117 92                     326 	.db #0x92	; 146
      000118 91                     327 	.db #0x91	; 145
      000119 00                     328 	.db #0x00	; 0
      00011A 00                     329 	.db #0x00	; 0
      00011B 00                     330 	.db #0x00	; 0
      00011C 00                     331 	.db #0x00	; 0
      00011D 91                     332 	.db #0x91	; 145
      00011E 91                     333 	.db #0x91	; 145
      00011F 00                     334 	.db #0x00	; 0
      000120 00                     335 	.db #0x00	; 0
      000121 00                     336 	.db #0x00	; 0
      000122 00                     337 	.db #0x00	; 0
      000123 93                     338 	.db #0x93	; 147
      000124 91                     339 	.db #0x91	; 145
      000125 00                     340 	.db #0x00	; 0
      000126 00                     341 	.db #0x00	; 0
      000127 00                     342 	.db #0x00	; 0
      000128 00                     343 	.db #0x00	; 0
      000129 90                     344 	.db #0x90	; 144
      00012A 91                     345 	.db #0x91	; 145
      00012B 00                     346 	.db #0x00	; 0
      00012C 00                     347 	.db #0x00	; 0
      00012D 00                     348 	.db #0x00	; 0
      00012E 8C                     349 	.db #0x8c	; 140
      00012F 91                     350 	.db #0x91	; 145
      000130 00                     351 	.db #0x00	; 0
      000131 00                     352 	.db #0x00	; 0
      000132 00                     353 	.db #0x00	; 0
      000133 00                     354 	.db #0x00	; 0
      000134 8D                     355 	.db #0x8d	; 141
      000135 91                     356 	.db #0x91	; 145
      000136 00                     357 	.db #0x00	; 0
      000137 00                     358 	.db #0x00	; 0
      000138 00                     359 	.db #0x00	; 0
      000139 00                     360 	.db #0x00	; 0
      00013A 8E                     361 	.db #0x8e	; 142
      00013B 91                     362 	.db #0x91	; 145
      00013C 00                     363 	.db #0x00	; 0
      00013D 00                     364 	.db #0x00	; 0
      00013E 00                     365 	.db #0x00	; 0
      00013F 00                     366 	.db #0x00	; 0
      000140 8F                     367 	.db #0x8f	; 143
      000141 91                     368 	.db #0x91	; 145
      000142 00                     369 	.db #0x00	; 0
      000143 00                     370 	.db #0x00	; 0
      000144 00                     371 	.db #0x00	; 0
      000145 00                     372 	.db #0x00	; 0
      000146 00                     373 	.db #0x00	; 0
      000147 90                     374 	.db #0x90	; 144
      000148 91                     375 	.db #0x91	; 145
      000149 00                     376 	.db #0x00	; 0
      00014A 00                     377 	.db #0x00	; 0
      00014B 00                     378 	.db #0x00	; 0
      00014C 00                     379 	.db #0x00	; 0
      00014D 91                     380 	.db #0x91	; 145
      00014E 91                     381 	.db #0x91	; 145
      00014F 00                     382 	.db #0x00	; 0
      000150 00                     383 	.db #0x00	; 0
      000151 00                     384 	.db #0x00	; 0
      000152 00                     385 	.db #0x00	; 0
      000153 92                     386 	.db #0x92	; 146
      000154 91                     387 	.db #0x91	; 145
      000155 00                     388 	.db #0x00	; 0
      000156 00                     389 	.db #0x00	; 0
      000157 00                     390 	.db #0x00	; 0
      000158 00                     391 	.db #0x00	; 0
      000159 93                     392 	.db #0x93	; 147
      00015A 91                     393 	.db #0x91	; 145
      00015B 00                     394 	.db #0x00	; 0
      00015C 00                     395 	.db #0x00	; 0
      00015D 00                     396 	.db #0x00	; 0
      00015E 90                     397 	.db #0x90	; 144
      00015F 91                     398 	.db #0x91	; 145
      000160 00                     399 	.db #0x00	; 0
      000161 00                     400 	.db #0x00	; 0
      000162 00                     401 	.db #0x00	; 0
      000163 00                     402 	.db #0x00	; 0
      000164 8F                     403 	.db #0x8f	; 143
      000165 91                     404 	.db #0x91	; 145
      000166 00                     405 	.db #0x00	; 0
      000167 00                     406 	.db #0x00	; 0
      000168 00                     407 	.db #0x00	; 0
      000169 00                     408 	.db #0x00	; 0
      00016A 91                     409 	.db #0x91	; 145
      00016B 91                     410 	.db #0x91	; 145
      00016C 00                     411 	.db #0x00	; 0
      00016D 00                     412 	.db #0x00	; 0
      00016E 00                     413 	.db #0x00	; 0
      00016F 00                     414 	.db #0x00	; 0
      000170 8E                     415 	.db #0x8e	; 142
      000171 91                     416 	.db #0x91	; 145
      000172 00                     417 	.db #0x00	; 0
      000173 00                     418 	.db #0x00	; 0
      000174 00                     419 	.db #0x00	; 0
      000175 00                     420 	.db #0x00	; 0
      000176 00                     421 	.db #0x00	; 0
      000177 00                     422 	.db #0x00	; 0
      000178 00                     423 	.db #0x00	; 0
      000179 00                     424 	.db #0x00	; 0
      00017A 00                     425 	.db #0x00	; 0
      00017B 00                     426 	.db #0x00	; 0
      00017C 00                     427 	.db #0x00	; 0
      00017D 00                     428 	.db #0x00	; 0
      00017E                        429 _song1:
      00017E 00                     430 	.db #0x00	; 0
      00017F 00                     431 	.db #0x00	; 0
      000180 00                     432 	.db #0x00	; 0
      000181 00                     433 	.db #0x00	; 0
      000182 8A                     434 	.db #0x8a	; 138
      000183 91                     435 	.db #0x91	; 145
      000184 00                     436 	.db #0x00	; 0
      000185 00                     437 	.db #0x00	; 0
      000186 00                     438 	.db #0x00	; 0
      000187 00                     439 	.db #0x00	; 0
      000188 8B                     440 	.db #0x8b	; 139
      000189 91                     441 	.db #0x91	; 145
      00018A 00                     442 	.db #0x00	; 0
      00018B 00                     443 	.db #0x00	; 0
      00018C 00                     444 	.db #0x00	; 0
      00018D 00                     445 	.db #0x00	; 0
      00018E 8C                     446 	.db #0x8c	; 140
      00018F 91                     447 	.db #0x91	; 145
      000190 00                     448 	.db #0x00	; 0
      000191 00                     449 	.db #0x00	; 0
      000192 00                     450 	.db #0x00	; 0
      000193 00                     451 	.db #0x00	; 0
      000194 8C                     452 	.db #0x8c	; 140
      000195 91                     453 	.db #0x91	; 145
      000196 00                     454 	.db #0x00	; 0
      000197 00                     455 	.db #0x00	; 0
      000198 00                     456 	.db #0x00	; 0
      000199 00                     457 	.db #0x00	; 0
      00019A 00                     458 	.db #0x00	; 0
      00019B 8F                     459 	.db #0x8f	; 143
      00019C 91                     460 	.db #0x91	; 145
      00019D 00                     461 	.db #0x00	; 0
      00019E 00                     462 	.db #0x00	; 0
      00019F 00                     463 	.db #0x00	; 0
      0001A0 00                     464 	.db #0x00	; 0
      0001A1 90                     465 	.db #0x90	; 144
      0001A2 91                     466 	.db #0x91	; 145
      0001A3 00                     467 	.db #0x00	; 0
      0001A4 00                     468 	.db #0x00	; 0
      0001A5 00                     469 	.db #0x00	; 0
      0001A6 00                     470 	.db #0x00	; 0
      0001A7 91                     471 	.db #0x91	; 145
      0001A8 91                     472 	.db #0x91	; 145
      0001A9 00                     473 	.db #0x00	; 0
      0001AA 00                     474 	.db #0x00	; 0
      0001AB 00                     475 	.db #0x00	; 0
      0001AC 00                     476 	.db #0x00	; 0
      0001AD 92                     477 	.db #0x92	; 146
      0001AE 91                     478 	.db #0x91	; 145
      0001AF 00                     479 	.db #0x00	; 0
      0001B0 00                     480 	.db #0x00	; 0
      0001B1 00                     481 	.db #0x00	; 0
      0001B2 00                     482 	.db #0x00	; 0
      0001B3 00                     483 	.db #0x00	; 0
      0001B4 00                     484 	.db #0x00	; 0
      0001B5 00                     485 	.db #0x00	; 0
      0001B6 00                     486 	.db #0x00	; 0
      0001B7 00                     487 	.db #0x00	; 0
      0001B8 00                     488 	.db #0x00	; 0
      0001B9 00                     489 	.db #0x00	; 0
      0001BA 8C                     490 	.db #0x8c	; 140
      0001BB A1                     491 	.db #0xa1	; 161
      0001BC 00                     492 	.db #0x00	; 0
      0001BD 00                     493 	.db #0x00	; 0
      0001BE 00                     494 	.db #0x00	; 0
      0001BF 00                     495 	.db #0x00	; 0
      0001C0 8D                     496 	.db #0x8d	; 141
      0001C1 A1                     497 	.db #0xa1	; 161
      0001C2 00                     498 	.db #0x00	; 0
      0001C3 00                     499 	.db #0x00	; 0
      0001C4 00                     500 	.db #0x00	; 0
      0001C5 00                     501 	.db #0x00	; 0
      0001C6 8E                     502 	.db #0x8e	; 142
      0001C7 A1                     503 	.db #0xa1	; 161
      0001C8 00                     504 	.db #0x00	; 0
      0001C9 00                     505 	.db #0x00	; 0
      0001CA 00                     506 	.db #0x00	; 0
      0001CB 00                     507 	.db #0x00	; 0
      0001CC 8F                     508 	.db #0x8f	; 143
      0001CD A1                     509 	.db #0xa1	; 161
      0001CE 00                     510 	.db #0x00	; 0
      0001CF 00                     511 	.db #0x00	; 0
      0001D0 00                     512 	.db #0x00	; 0
      0001D1 00                     513 	.db #0x00	; 0
      0001D2 90                     514 	.db #0x90	; 144
      0001D3 A1                     515 	.db #0xa1	; 161
      0001D4 00                     516 	.db #0x00	; 0
      0001D5 00                     517 	.db #0x00	; 0
      0001D6 00                     518 	.db #0x00	; 0
      0001D7 00                     519 	.db #0x00	; 0
      0001D8 8C                     520 	.db #0x8c	; 140
      0001D9 A1                     521 	.db #0xa1	; 161
      0001DA 00                     522 	.db #0x00	; 0
      0001DB 94                     523 	.db #0x94	; 148
      0001DC 91                     524 	.db #0x91	; 145
      0001DD 00                     525 	.db #0x00	; 0
      0001DE 00                     526 	.db #0x00	; 0
      0001DF 00                     527 	.db #0x00	; 0
      0001E0 00                     528 	.db #0x00	; 0
      0001E1 91                     529 	.db #0x91	; 145
      0001E2 91                     530 	.db #0x91	; 145
      0001E3 00                     531 	.db #0x00	; 0
      0001E4 00                     532 	.db #0x00	; 0
      0001E5 00                     533 	.db #0x00	; 0
      0001E6 00                     534 	.db #0x00	; 0
      0001E7 8C                     535 	.db #0x8c	; 140
      0001E8 91                     536 	.db #0x91	; 145
      0001E9 00                     537 	.db #0x00	; 0
      0001EA 00                     538 	.db #0x00	; 0
      0001EB 00                     539 	.db #0x00	; 0
      0001EC 00                     540 	.db #0x00	; 0
      0001ED 8F                     541 	.db #0x8f	; 143
      0001EE 91                     542 	.db #0x91	; 145
      0001EF 00                     543 	.db #0x00	; 0
      0001F0 00                     544 	.db #0x00	; 0
      0001F1 00                     545 	.db #0x00	; 0
      0001F2 00                     546 	.db #0x00	; 0
      0001F3 00                     547 	.db #0x00	; 0
      0001F4 00                     548 	.db #0x00	; 0
      0001F5 00                     549 	.db #0x00	; 0
      0001F6 00                     550 	.db #0x00	; 0
      0001F7 00                     551 	.db #0x00	; 0
      0001F8 8C                     552 	.db #0x8c	; 140
      0001F9 93                     553 	.db #0x93	; 147
      0001FA 00                     554 	.db #0x00	; 0
      0001FB 00                     555 	.db #0x00	; 0
      0001FC 00                     556 	.db #0x00	; 0
      0001FD 00                     557 	.db #0x00	; 0
      0001FE 8D                     558 	.db #0x8d	; 141
      0001FF 93                     559 	.db #0x93	; 147
      000200 00                     560 	.db #0x00	; 0
      000201 00                     561 	.db #0x00	; 0
      000202 00                     562 	.db #0x00	; 0
      000203 00                     563 	.db #0x00	; 0
      000204 8F                     564 	.db #0x8f	; 143
      000205 93                     565 	.db #0x93	; 147
      000206 00                     566 	.db #0x00	; 0
      000207 00                     567 	.db #0x00	; 0
      000208 00                     568 	.db #0x00	; 0
      000209 00                     569 	.db #0x00	; 0
      00020A 8C                     570 	.db #0x8c	; 140
      00020B 93                     571 	.db #0x93	; 147
      00020C 00                     572 	.db #0x00	; 0
      00020D 00                     573 	.db #0x00	; 0
      00020E 00                     574 	.db #0x00	; 0
      00020F 00                     575 	.db #0x00	; 0
      000210 8D                     576 	.db #0x8d	; 141
      000211 93                     577 	.db #0x93	; 147
      000212 00                     578 	.db #0x00	; 0
      000213 00                     579 	.db #0x00	; 0
      000214 00                     580 	.db #0x00	; 0
      000215 00                     581 	.db #0x00	; 0
      000216 8E                     582 	.db #0x8e	; 142
      000217 A3                     583 	.db #0xa3	; 163
      000218 00                     584 	.db #0x00	; 0
      000219 00                     585 	.db #0x00	; 0
      00021A 8C                     586 	.db #0x8c	; 140
      00021B 91                     587 	.db #0x91	; 145
      00021C 00                     588 	.db #0x00	; 0
      00021D 00                     589 	.db #0x00	; 0
      00021E 00                     590 	.db #0x00	; 0
      00021F 00                     591 	.db #0x00	; 0
      000220 8F                     592 	.db #0x8f	; 143
      000221 91                     593 	.db #0x91	; 145
      000222 00                     594 	.db #0x00	; 0
      000223 00                     595 	.db #0x00	; 0
      000224 8D                     596 	.db #0x8d	; 141
      000225 93                     597 	.db #0x93	; 147
      000226 00                     598 	.db #0x00	; 0
      000227 00                     599 	.db #0x00	; 0
      000228 8D                     600 	.db #0x8d	; 141
      000229 91                     601 	.db #0x91	; 145
      00022A 00                     602 	.db #0x00	; 0
      00022B 00                     603 	.db #0x00	; 0
      00022C 8E                     604 	.db #0x8e	; 142
      00022D 93                     605 	.db #0x93	; 147
      00022E 00                     606 	.db #0x00	; 0
      00022F 00                     607 	.db #0x00	; 0
      000230 91                     608 	.db #0x91	; 145
      000231 91                     609 	.db #0x91	; 145
      000232 00                     610 	.db #0x00	; 0
      000233 00                     611 	.db #0x00	; 0
      000234 92                     612 	.db #0x92	; 146
      000235 93                     613 	.db #0x93	; 147
      000236 00                     614 	.db #0x00	; 0
      000237 00                     615 	.db #0x00	; 0
      000238 90                     616 	.db #0x90	; 144
      000239 91                     617 	.db #0x91	; 145
      00023A 00                     618 	.db #0x00	; 0
      00023B 00                     619 	.db #0x00	; 0
      00023C 94                     620 	.db #0x94	; 148
      00023D 93                     621 	.db #0x93	; 147
      00023E 00                     622 	.db #0x00	; 0
      00023F 00                     623 	.db #0x00	; 0
      000240 94                     624 	.db #0x94	; 148
      000241 91                     625 	.db #0x91	; 145
      000242 00                     626 	.db #0x00	; 0
      000243 00                     627 	.db #0x00	; 0
      000244 95                     628 	.db #0x95	; 149
      000245 93                     629 	.db #0x93	; 147
      000246 00                     630 	.db #0x00	; 0
      000247 00                     631 	.db #0x00	; 0
      000248 8C                     632 	.db #0x8c	; 140
      000249 91                     633 	.db #0x91	; 145
      00024A 00                     634 	.db #0x00	; 0
      00024B 00                     635 	.db #0x00	; 0
      00024C 90                     636 	.db #0x90	; 144
      00024D 93                     637 	.db #0x93	; 147
      00024E 00                     638 	.db #0x00	; 0
      00024F 00                     639 	.db #0x00	; 0
      000250 00                     640 	.db #0x00	; 0
      000251 00                     641 	.db #0x00	; 0
      000252 8F                     642 	.db #0x8f	; 143
      000253 A3                     643 	.db #0xa3	; 163
      000254 00                     644 	.db #0x00	; 0
      000255 00                     645 	.db #0x00	; 0
      000256 00                     646 	.db #0x00	; 0
      000257 00                     647 	.db #0x00	; 0
      000258 00                     648 	.db #0x00	; 0
      000259 00                     649 	.db #0x00	; 0
      00025A 00                     650 	.db #0x00	; 0
      00025B 00                     651 	.db #0x00	; 0
      00025C 00                     652 	.db #0x00	; 0
      00025D 00                     653 	.db #0x00	; 0
      00025E 00                     654 	.db #0x00	; 0
      00025F 8C                     655 	.db #0x8c	; 140
      000260 A1                     656 	.db #0xa1	; 161
      000261 00                     657 	.db #0x00	; 0
      000262 00                     658 	.db #0x00	; 0
      000263 00                     659 	.db #0x00	; 0
      000264 00                     660 	.db #0x00	; 0
      000265 8F                     661 	.db #0x8f	; 143
      000266 A1                     662 	.db #0xa1	; 161
      000267 00                     663 	.db #0x00	; 0
      000268 00                     664 	.db #0x00	; 0
      000269 00                     665 	.db #0x00	; 0
      00026A 00                     666 	.db #0x00	; 0
      00026B 91                     667 	.db #0x91	; 145
      00026C A1                     668 	.db #0xa1	; 161
      00026D 00                     669 	.db #0x00	; 0
      00026E 00                     670 	.db #0x00	; 0
      00026F 00                     671 	.db #0x00	; 0
      000270 00                     672 	.db #0x00	; 0
      000271 92                     673 	.db #0x92	; 146
      000272 A1                     674 	.db #0xa1	; 161
      000273 00                     675 	.db #0x00	; 0
      000274 00                     676 	.db #0x00	; 0
      000275 00                     677 	.db #0x00	; 0
      000276 00                     678 	.db #0x00	; 0
      000277 94                     679 	.db #0x94	; 148
      000278 A1                     680 	.db #0xa1	; 161
      000279 00                     681 	.db #0x00	; 0
      00027A 00                     682 	.db #0x00	; 0
      00027B 00                     683 	.db #0x00	; 0
      00027C 00                     684 	.db #0x00	; 0
      00027D 92                     685 	.db #0x92	; 146
      00027E A1                     686 	.db #0xa1	; 161
      00027F 00                     687 	.db #0x00	; 0
      000280 00                     688 	.db #0x00	; 0
      000281 00                     689 	.db #0x00	; 0
      000282 00                     690 	.db #0x00	; 0
      000283 00                     691 	.db #0x00	; 0
      000284 00                     692 	.db #0x00	; 0
      000285 00                     693 	.db #0x00	; 0
      000286 8C                     694 	.db #0x8c	; 140
      000287 A1                     695 	.db #0xa1	; 161
      000288 00                     696 	.db #0x00	; 0
      000289 00                     697 	.db #0x00	; 0
      00028A 00                     698 	.db #0x00	; 0
      00028B 00                     699 	.db #0x00	; 0
      00028C 8D                     700 	.db #0x8d	; 141
      00028D A1                     701 	.db #0xa1	; 161
      00028E 00                     702 	.db #0x00	; 0
      00028F 00                     703 	.db #0x00	; 0
      000290 8D                     704 	.db #0x8d	; 141
      000291 93                     705 	.db #0x93	; 147
      000292 00                     706 	.db #0x00	; 0
      000293 00                     707 	.db #0x00	; 0
      000294 8E                     708 	.db #0x8e	; 142
      000295 A1                     709 	.db #0xa1	; 161
      000296 00                     710 	.db #0x00	; 0
      000297 95                     711 	.db #0x95	; 149
      000298 A1                     712 	.db #0xa1	; 161
      000299 00                     713 	.db #0x00	; 0
      00029A 90                     714 	.db #0x90	; 144
      00029B 93                     715 	.db #0x93	; 147
      00029C 00                     716 	.db #0x00	; 0
      00029D 00                     717 	.db #0x00	; 0
      00029E 8F                     718 	.db #0x8f	; 143
      00029F A1                     719 	.db #0xa1	; 161
      0002A0 00                     720 	.db #0x00	; 0
      0002A1 00                     721 	.db #0x00	; 0
      0002A2 91                     722 	.db #0x91	; 145
      0002A3 93                     723 	.db #0x93	; 147
      0002A4 00                     724 	.db #0x00	; 0
      0002A5 00                     725 	.db #0x00	; 0
      0002A6 90                     726 	.db #0x90	; 144
      0002A7 A1                     727 	.db #0xa1	; 161
      0002A8 00                     728 	.db #0x00	; 0
      0002A9 00                     729 	.db #0x00	; 0
      0002AA 93                     730 	.db #0x93	; 147
      0002AB 93                     731 	.db #0x93	; 147
      0002AC 00                     732 	.db #0x00	; 0
      0002AD 00                     733 	.db #0x00	; 0
      0002AE 91                     734 	.db #0x91	; 145
      0002AF A1                     735 	.db #0xa1	; 161
      0002B0 00                     736 	.db #0x00	; 0
      0002B1 00                     737 	.db #0x00	; 0
      0002B2 8C                     738 	.db #0x8c	; 140
      0002B3 93                     739 	.db #0x93	; 147
      0002B4 00                     740 	.db #0x00	; 0
      0002B5 00                     741 	.db #0x00	; 0
      0002B6 00                     742 	.db #0x00	; 0
      0002B7 00                     743 	.db #0x00	; 0
      0002B8 00                     744 	.db #0x00	; 0
      0002B9 00                     745 	.db #0x00	; 0
      0002BA 00                     746 	.db #0x00	; 0
      0002BB 92                     747 	.db #0x92	; 146
      0002BC A1                     748 	.db #0xa1	; 161
      0002BD 00                     749 	.db #0x00	; 0
      0002BE 00                     750 	.db #0x00	; 0
      0002BF 00                     751 	.db #0x00	; 0
      0002C0 00                     752 	.db #0x00	; 0
      0002C1 00                     753 	.db #0x00	; 0
      0002C2 00                     754 	.db #0x00	; 0
      0002C3 00                     755 	.db #0x00	; 0
      0002C4 8F                     756 	.db #0x8f	; 143
      0002C5 A1                     757 	.db #0xa1	; 161
      0002C6 00                     758 	.db #0x00	; 0
      0002C7 00                     759 	.db #0x00	; 0
      0002C8 00                     760 	.db #0x00	; 0
      0002C9 00                     761 	.db #0x00	; 0
      0002CA 8D                     762 	.db #0x8d	; 141
      0002CB A1                     763 	.db #0xa1	; 161
      0002CC 00                     764 	.db #0x00	; 0
      0002CD 00                     765 	.db #0x00	; 0
      0002CE 00                     766 	.db #0x00	; 0
      0002CF 00                     767 	.db #0x00	; 0
      0002D0 90                     768 	.db #0x90	; 144
      0002D1 A1                     769 	.db #0xa1	; 161
      0002D2 00                     770 	.db #0x00	; 0
      0002D3 00                     771 	.db #0x00	; 0
      0002D4 00                     772 	.db #0x00	; 0
      0002D5 00                     773 	.db #0x00	; 0
      0002D6 8E                     774 	.db #0x8e	; 142
      0002D7 A1                     775 	.db #0xa1	; 161
      0002D8 00                     776 	.db #0x00	; 0
      0002D9 00                     777 	.db #0x00	; 0
      0002DA 00                     778 	.db #0x00	; 0
      0002DB 00                     779 	.db #0x00	; 0
      0002DC 00                     780 	.db #0x00	; 0
      0002DD 8C                     781 	.db #0x8c	; 140
      0002DE A1                     782 	.db #0xa1	; 161
      0002DF 00                     783 	.db #0x00	; 0
      0002E0 00                     784 	.db #0x00	; 0
      0002E1 00                     785 	.db #0x00	; 0
      0002E2 00                     786 	.db #0x00	; 0
      0002E3 00                     787 	.db #0x00	; 0
      0002E4 00                     788 	.db #0x00	; 0
      0002E5 00                     789 	.db #0x00	; 0
      0002E6 00                     790 	.db #0x00	; 0
      0002E7 00                     791 	.db #0x00	; 0
      0002E8 91                     792 	.db #0x91	; 145
      0002E9 93                     793 	.db #0x93	; 147
      0002EA 00                     794 	.db #0x00	; 0
      0002EB 00                     795 	.db #0x00	; 0
      0002EC 00                     796 	.db #0x00	; 0
      0002ED 00                     797 	.db #0x00	; 0
      0002EE 92                     798 	.db #0x92	; 146
      0002EF 93                     799 	.db #0x93	; 147
      0002F0 00                     800 	.db #0x00	; 0
      0002F1 00                     801 	.db #0x00	; 0
      0002F2 00                     802 	.db #0x00	; 0
      0002F3 00                     803 	.db #0x00	; 0
      0002F4 94                     804 	.db #0x94	; 148
      0002F5 93                     805 	.db #0x93	; 147
      0002F6 00                     806 	.db #0x00	; 0
      0002F7 00                     807 	.db #0x00	; 0
      0002F8 00                     808 	.db #0x00	; 0
      0002F9 00                     809 	.db #0x00	; 0
      0002FA 95                     810 	.db #0x95	; 149
      0002FB 93                     811 	.db #0x93	; 147
      0002FC 00                     812 	.db #0x00	; 0
      0002FD 00                     813 	.db #0x00	; 0
      0002FE 00                     814 	.db #0x00	; 0
      0002FF 00                     815 	.db #0x00	; 0
      000300 00                     816 	.db #0x00	; 0
      000301 00                     817 	.db #0x00	; 0
      000302                        818 _song_Data:
      000302r00r00                  819 	.dw _song0
      000304r7Er01                  820 	.dw _song1
      000306 00 00                  821 	.dw #0x0000
                                    822 	.area _INITIALIZER
                                    823 	.area _CABS (ABS)
